[STARTED]
[INSTANCE] kroA100
[PROGRESS 1/2]
[PROGRESS 2/2]
[TIME]
      GlobalInnerEdgeOptimizer  GlobalInnerVertexOptimizer  \
min                   0.524749                    0.746196   
mean                  0.557716                    0.821519   
max                   0.590684                    0.896843   

      LocalInnerEdgeOptimizer  LocalInnerVertexOptimizer  
min                  1.064752                   1.323755  
mean                 1.238131                   1.477606  
max                  1.411511                   1.631457  
[COST]
      GlobalInnerEdgeOptimizer  GlobalInnerVertexOptimizer  \
min                    13399.0                     21837.0   
mean                   14057.0                     22198.0   
max                    14715.0                     22559.0   

      LocalInnerEdgeOptimizer  LocalInnerVertexOptimizer  
min                   11971.0                    19120.0  
mean                  12330.0                    19168.0  
max                   12689.0                    19216.0  
[COST_RANDOM]
          time     cost
min   0.557785  62928.0
mean  0.557786  63654.5
max   0.557787  64381.0
[VISUALISING]
